<?xml version="1.0" encoding="UTF-8"?>
<!-- Generated by org.testng.reporters.JUnitXMLReporter -->
<testsuite ignored="0" hostname="DESKTOP-O2C0HOC" failures="0" tests="3" name="Default test" time="29.407" errors="0" timestamp="2023-05-09T13:26:10 IST">
  <testcase classname="extentReortsPractice.ExtendReportsExample" name="openBing" time="8.094"/>
  <testcase classname="extentReortsPractice.ExtendReportsExample" name="openGoogle" time="11.768"/>
  <testcase classname="extentReortsPractice.ExtendReportsExample" name="openWikipedia" time="9.506"/>
</testsuite> <!-- Default test -->
