<?xml version="1.0" encoding="UTF-8"?>
<!-- Generated by org.testng.reporters.JUnitXMLReporter -->
<testsuite ignored="0" hostname="DESKTOP-O2C0HOC" failures="0" tests="4" name="Login Test caes" time="57.472" errors="0" timestamp="2023-04-05T11:17:58 IST">
  <testcase classname="com.LoginTestCase.BothCorrect" name="loginBothCorrect" time="14.197"/>
  <testcase classname="com.LoginTestCase.BothIncorrect" name="loginBothInCorrect" time="15.237"/>
  <testcase classname="com.LoginTestCase.CorrectPassword" name="loginWithCorrectPassword" time="13.388"/>
  <testcase classname="com.LoginTestCase.CorrectUserName" name="loginWithCorrectUserName" time="14.586"/>
</testsuite> <!-- Login Test caes -->
