<?xml version="1.0" encoding="UTF-8"?>
<!-- Generated by org.testng.reporters.JUnitXMLReporter -->
<testsuite ignored="0" hostname="DESKTOP-O2C0HOC" failures="0" tests="4" name="Login To Application" time="69.223" errors="0" timestamp="2023-04-05T12:20:20 IST">
  <testcase classname="com.LoginTestCase.Login" name="loginBothCorrect" time="14.108"/>
  <testcase classname="com.LoginTestCase.Login" name="loginBothCorrect" time="18.238"/>
  <testcase classname="com.LoginTestCase.Login" name="loginBothCorrect" time="15.546"/>
  <testcase classname="com.LoginTestCase.Login" name="loginBothCorrect" time="21.257"/>
</testsuite> <!-- Login To Application -->
