<?xml version="1.0" encoding="UTF-8"?>
<testng-results ignored="0" total="3" passed="3" failed="0" skipped="0">
  <reporter-output>
  </reporter-output>
  <suite started-at="2023-05-09T13:25:40 IST" name="Default suite" finished-at="2023-05-09T13:26:10 IST" duration-ms="29407">
    <groups>
    </groups>
    <test started-at="2023-05-09T13:25:40 IST" name="Default test" finished-at="2023-05-09T13:26:10 IST" duration-ms="29407">
      <class name="extentReortsPractice.ExtendReportsExample">
        <test-method is-config="true" signature="launchBrowser()[pri:0, instance:extentReortsPractice.ExtendReportsExample@57af006c]" started-at="2023-05-09T13:25:30 IST" name="launchBrowser" finished-at="2023-05-09T13:25:40 IST" duration-ms="10630" status="PASS">
          <reporter-output>
          </reporter-output>
        </test-method> <!-- launchBrowser -->
        <test-method signature="openBing()[pri:0, instance:extentReortsPractice.ExtendReportsExample@57af006c]" started-at="2023-05-09T13:25:40 IST" name="openBing" finished-at="2023-05-09T13:25:48 IST" duration-ms="8094" status="PASS">
          <reporter-output>
          </reporter-output>
        </test-method> <!-- openBing -->
        <test-method signature="openGoogle()[pri:0, instance:extentReortsPractice.ExtendReportsExample@57af006c]" started-at="2023-05-09T13:25:48 IST" name="openGoogle" finished-at="2023-05-09T13:26:00 IST" duration-ms="11768" status="PASS">
          <reporter-output>
          </reporter-output>
        </test-method> <!-- openGoogle -->
        <test-method signature="openWikipedia()[pri:0, instance:extentReortsPractice.ExtendReportsExample@57af006c]" started-at="2023-05-09T13:26:00 IST" name="openWikipedia" finished-at="2023-05-09T13:26:10 IST" duration-ms="9506" status="PASS">
          <reporter-output>
          </reporter-output>
        </test-method> <!-- openWikipedia -->
        <test-method is-config="true" signature="closeBrowser()[pri:0, instance:extentReortsPractice.ExtendReportsExample@57af006c]" started-at="2023-05-09T13:26:10 IST" name="closeBrowser" finished-at="2023-05-09T13:26:12 IST" duration-ms="2237" status="PASS">
          <reporter-output>
          </reporter-output>
        </test-method> <!-- closeBrowser -->
      </class> <!-- extentReortsPractice.ExtendReportsExample -->
    </test> <!-- Default test -->
  </suite> <!-- Default suite -->
</testng-results>
